# JRE version: OpenJDK Runtime Environment (7.0_79-b14) (build 1.7.0_79-b14)
# Java VM: OpenJDK 64-Bit Server VM (24.79-b02 mixed mode linux-amd64 compressed oops)
Heap
 def new generation   total 629120K, used 0K [0x00000006f5a00000, 0x00000007204a0000, 0x000000074af50000)
  eden space 559232K,   0% used [0x00000006f5a00000, 0x00000006f5a00000, 0x0000000717c20000)
  from space 69888K,   0% used [0x000000071c060000, 0x000000071c060000, 0x00000007204a0000)
  to   space 69888K,   0% used [0x0000000717c20000, 0x0000000717c20000, 0x000000071c060000)
 tenured generation   total 1425600K, used 1258095K [0x000000074af50000, 0x00000007a1f80000, 0x00000007f5a00000)
   the space 1425600K,  88% used [0x000000074af50000, 0x0000000797bebc88, 0x0000000797bebe00, 0x00000007a1f80000)
 compacting perm gen  total 21248K, used 12176K [0x00000007f5a00000, 0x00000007f6ec0000, 0x0000000800000000)
   the space 21248K,  57% used [0x00000007f5a00000, 0x00000007f65e4058, 0x00000007f65e4200, 0x00000007f6ec0000)
GC Heap History (10 events):
Event: 98.217 GC heap after
Heap after GC invocations=26 (full 0):
 def new generation   total 629120K, used 46434K [0x00000006f5a00000, 0x00000007204a0000, 0x000000074af50000)
  eden space 559232K,   0% used [0x00000006f5a00000, 0x00000006f5a00000, 0x0000000717c20000)
  from space 69888K,  66% used [0x0000000717c20000, 0x000000071a978aa8, 0x000000071c060000)
  to   space 69888K,   0% used [0x000000071c060000, 0x000000071c060000, 0x00000007204a0000)
 tenured generation   total 1398144K, used 1196353K [0x000000074af50000, 0x00000007a04b0000, 0x00000007f5a00000)
   the space 1398144K,  85% used [0x000000074af50000, 0x0000000793fa0778, 0x0000000793fa0800, 0x00000007a04b0000)
 compacting perm gen  total 21248K, used 12176K [0x00000007f5a00000, 0x00000007f6ec0000, 0x0000000800000000)
   the space 21248K,  57% used [0x00000007f5a00000, 0x00000007f65e4058, 0x00000007f65e4200, 0x00000007f6ec0000)
No shared spaces configured.
}
Event: 99.714 GC heap before
{Heap before GC invocations=26 (full 0):
 def new generation   total 629120K, used 605666K [0x00000006f5a00000, 0x00000007204a0000, 0x000000074af50000)
  eden space 559232K, 100% used [0x00000006f5a00000, 0x0000000717c20000, 0x0000000717c20000)
  from space 69888K,  66% used [0x0000000717c20000, 0x000000071a978aa8, 0x000000071c060000)
  to   space 69888K,   0% used [0x000000071c060000, 0x000000071c060000, 0x00000007204a0000)
 tenured generation   total 1398144K, used 1196353K [0x000000074af50000, 0x00000007a04b0000, 0x00000007f5a00000)
   the space 1398144K,  85% used [0x000000074af50000, 0x0000000793fa0778, 0x0000000793fa0800, 0x00000007a04b0000)
 compacting perm gen  total 21248K, used 12176K [0x00000007f5a00000, 0x00000007f6ec0000, 0x0000000800000000)
   the space 21248K,  57% used [0x00000007f5a00000, 0x00000007f65e4058, 0x00000007f65e4200, 0x00000007f6ec0000)
No shared spaces configured.
Event: 100.772 GC heap after
Heap after GC invocations=27 (full 0):
 def new generation   total 629120K, used 44199K [0x00000006f5a00000, 0x00000007204a0000, 0x000000074af50000)
  eden space 559232K,   0% used [0x00000006f5a00000, 0x00000006f5a00000, 0x0000000717c20000)
  from space 69888K,  63% used [0x000000071c060000, 0x000000071eb89cf8, 0x00000007204a0000)
  to   space 69888K,   0% used [0x0000000717c20000, 0x0000000717c20000, 0x000000071c060000)
 tenured generation   total 1398144K, used 1242699K [0x000000074af50000, 0x00000007a04b0000, 0x00000007f5a00000)
   the space 1398144K,  88% used [0x000000074af50000, 0x0000000796ce2ed0, 0x0000000796ce3000, 0x00000007a04b0000)
 compacting perm gen  total 21248K, used 12176K [0x00000007f5a00000, 0x00000007f6ec0000, 0x0000000800000000)
   the space 21248K,  57% used [0x00000007f5a00000, 0x00000007f65e4058, 0x00000007f65e4200, 0x00000007f6ec0000)
No shared spaces configured.
}
Event: 101.944 GC heap before
{Heap before GC invocations=27 (full 0):
 def new generation   total 629120K, used 603431K [0x00000006f5a00000, 0x00000007204a0000, 0x000000074af50000)
  eden space 559232K, 100% used [0x00000006f5a00000, 0x0000000717c20000, 0x0000000717c20000)
  from space 69888K,  63% used [0x000000071c060000, 0x000000071eb89cf8, 0x00000007204a0000)
  to   space 69888K,   0% used [0x0000000717c20000, 0x0000000717c20000, 0x000000071c060000)
 tenured generation   total 1398144K, used 1242699K [0x000000074af50000, 0x00000007a04b0000, 0x00000007f5a00000)
   the space 1398144K,  88% used [0x000000074af50000, 0x0000000796ce2ed0, 0x0000000796ce3000, 0x00000007a04b0000)
 compacting perm gen  total 21248K, used 12176K [0x00000007f5a00000, 0x00000007f6ec0000, 0x0000000800000000)
   the space 21248K,  57% used [0x00000007f5a00000, 0x00000007f65e4058, 0x00000007f65e4200, 0x00000007f6ec0000)
No shared spaces configured.
Event: 102.879 GC heap after
Heap after GC invocations=28 (full 0):
 def new generation   total 629120K, used 45580K [0x00000006f5a00000, 0x00000007204a0000, 0x000000074af50000)
  eden space 559232K,   0% used [0x00000006f5a00000, 0x00000006f5a00000, 0x0000000717c20000)
  from space 69888K,  65% used [0x0000000717c20000, 0x000000071a8a3358, 0x000000071c060000)
  to   space 69888K,   0% used [0x000000071c060000, 0x000000071c060000, 0x00000007204a0000)
 tenured generation   total 1398144K, used 1286855K [0x000000074af50000, 0x00000007a04b0000, 0x00000007f5a00000)
   the space 1398144K,  92% used [0x000000074af50000, 0x0000000799801ea8, 0x0000000799802000, 0x00000007a04b0000)
 compacting perm gen  total 21248K, used 12176K [0x00000007f5a00000, 0x00000007f6ec0000, 0x0000000800000000)
   the space 21248K,  57% used [0x00000007f5a00000, 0x00000007f65e4058, 0x00000007f65e4200, 0x00000007f6ec0000)
No shared spaces configured.
}
Event: 104.099 GC heap before
{Heap before GC invocations=28 (full 0):
 def new generation   total 629120K, used 604812K [0x00000006f5a00000, 0x00000007204a0000, 0x000000074af50000)
  eden space 559232K, 100% used [0x00000006f5a00000, 0x0000000717c20000, 0x0000000717c20000)
  from space 69888K,  65% used [0x0000000717c20000, 0x000000071a8a3358, 0x000000071c060000)
  to   space 69888K,   0% used [0x000000071c060000, 0x000000071c060000, 0x00000007204a0000)
 tenured generation   total 1398144K, used 1286855K [0x000000074af50000, 0x00000007a04b0000, 0x00000007f5a00000)
   the space 1398144K,  92% used [0x000000074af50000, 0x0000000799801ea8, 0x0000000799802000, 0x00000007a04b0000)
 compacting perm gen  total 21248K, used 12176K [0x00000007f5a00000, 0x00000007f6ec0000, 0x0000000800000000)
   the space 21248K,  57% used [0x00000007f5a00000, 0x00000007f65e4058, 0x00000007f65e4200, 0x00000007f6ec0000)
No shared spaces configured.
Event: 105.421 GC heap after
Heap after GC invocations=29 (full 0):
 def new generation   total 629120K, used 46749K [0x00000006f5a00000, 0x00000007204a0000, 0x000000074af50000)
  eden space 559232K,   0% used [0x00000006f5a00000, 0x00000006f5a00000, 0x0000000717c20000)
  from space 69888K,  66% used [0x000000071c060000, 0x000000071ee07598, 0x00000007204a0000)
  to   space 69888K,   0% used [0x0000000717c20000, 0x0000000717c20000, 0x000000071c060000)
 tenured generation   total 1398144K, used 1332432K [0x000000074af50000, 0x00000007a04b0000, 0x00000007f5a00000)
   the space 1398144K,  95% used [0x000000074af50000, 0x000000079c4840e8, 0x000000079c484200, 0x00000007a04b0000)
 compacting perm gen  total 21248K, used 12176K [0x00000007f5a00000, 0x00000007f6ec0000, 0x0000000800000000)
   the space 21248K,  57% used [0x00000007f5a00000, 0x00000007f65e4058, 0x00000007f65e4200, 0x00000007f6ec0000)
No shared spaces configured.
}
Event: 106.426 GC heap before
{Heap before GC invocations=29 (full 0):
 def new generation   total 629120K, used 605981K [0x00000006f5a00000, 0x00000007204a0000, 0x000000074af50000)
  eden space 559232K, 100% used [0x00000006f5a00000, 0x0000000717c20000, 0x0000000717c20000)
  from space 69888K,  66% used [0x000000071c060000, 0x000000071ee07598, 0x00000007204a0000)
  to   space 69888K,   0% used [0x0000000717c20000, 0x0000000717c20000, 0x000000071c060000)
 tenured generation   total 1398144K, used 1332432K [0x000000074af50000, 0x00000007a04b0000, 0x00000007f5a00000)
   the space 1398144K,  95% used [0x000000074af50000, 0x000000079c4840e8, 0x000000079c484200, 0x00000007a04b0000)
 compacting perm gen  total 21248K, used 12176K [0x00000007f5a00000, 0x00000007f6ec0000, 0x0000000800000000)
   the space 21248K,  57% used [0x00000007f5a00000, 0x00000007f65e4058, 0x00000007f65e4200, 0x00000007f6ec0000)
No shared spaces configured.
Event: 106.960 GC heap after
Heap after GC invocations=30 (full 0):
 def new generation   total 629120K, used 46411K [0x00000006f5a00000, 0x00000007204a0000, 0x000000074af50000)
  eden space 559232K,   0% used [0x00000006f5a00000, 0x00000006f5a00000, 0x0000000717c20000)
  from space 69888K,  66% used [0x0000000717c20000, 0x000000071a972ee0, 0x000000071c060000)
  to   space 69888K,   0% used [0x000000071c060000, 0x000000071c060000, 0x00000007204a0000)
 tenured generation   total 1398144K, used 1379133K [0x000000074af50000, 0x00000007a04b0000, 0x00000007f5a00000)
   the space 1398144K,  98% used [0x000000074af50000, 0x000000079f21f5c8, 0x000000079f21f600, 0x00000007a04b0000)
 compacting perm gen  total 21248K, used 12176K [0x00000007f5a00000, 0x00000007f6ec0000, 0x0000000800000000)
   the space 21248K,  57% used [0x00000007f5a00000, 0x00000007f65e4058, 0x00000007f65e4200, 0x00000007f6ec0000)
No shared spaces configured.
}
Event: 109.467 GC heap before
{Heap before GC invocations=30 (full 0):
 def new generation   total 629120K, used 605643K [0x00000006f5a00000, 0x00000007204a0000, 0x000000074af50000)
  eden space 559232K, 100% used [0x00000006f5a00000, 0x0000000717c20000, 0x0000000717c20000)
  from space 69888K,  66% used [0x0000000717c20000, 0x000000071a972ee0, 0x000000071c060000)
  to   space 69888K,   0% used [0x000000071c060000, 0x000000071c060000, 0x00000007204a0000)
 tenured generation   total 1398144K, used 1379133K [0x000000074af50000, 0x00000007a04b0000, 0x00000007f5a00000)
   the space 1398144K,  98% used [0x000000074af50000, 0x000000079f21f5c8, 0x000000079f21f600, 0x00000007a04b0000)
 compacting perm gen  total 21248K, used 12176K [0x00000007f5a00000, 0x00000007f6ec0000, 0x0000000800000000)
   the space 21248K,  57% used [0x00000007f5a00000, 0x00000007f65e4058, 0x00000007f65e4200, 0x00000007f6ec0000)
No shared spaces configured.

