# JRE version: OpenJDK Runtime Environment (7.0_79-b14) (build 1.7.0_79-b14)
# Java VM: OpenJDK 64-Bit Server VM (24.79-b02 mixed mode linux-amd64 compressed oops)
Heap
 def new generation   total 629120K, used 0K [0x00000006f5a00000, 0x00000007204a0000, 0x000000074af50000)
  eden space 559232K,   0% used [0x00000006f5a00000, 0x00000006f5a00000, 0x0000000717c20000)
  from space 69888K,   0% used [0x000000071c060000, 0x000000071c060000, 0x00000007204a0000)
  to   space 69888K,   0% used [0x0000000717c20000, 0x0000000717c20000, 0x000000071c060000)
 tenured generation   total 1427712K, used 1262161K [0x000000074af50000, 0x00000007a2190000, 0x00000007f5a00000)
   the space 1427712K,  88% used [0x000000074af50000, 0x0000000797fe44e0, 0x0000000797fe4600, 0x00000007a2190000)
 compacting perm gen  total 21248K, used 12176K [0x00000007f5a00000, 0x00000007f6ec0000, 0x0000000800000000)
   the space 21248K,  57% used [0x00000007f5a00000, 0x00000007f65e4350, 0x00000007f65e4400, 0x00000007f6ec0000)
GC Heap History (10 events):
Event: 58.263 GC heap after
Heap after GC invocations=26 (full 0):
 def new generation   total 629120K, used 46514K [0x00000006f5a00000, 0x00000007204a0000, 0x000000074af50000)
  eden space 559232K,   0% used [0x00000006f5a00000, 0x00000006f5a00000, 0x0000000717c20000)
  from space 69888K,  66% used [0x0000000717c20000, 0x000000071a98ca08, 0x000000071c060000)
  to   space 69888K,   0% used [0x000000071c060000, 0x000000071c060000, 0x00000007204a0000)
 tenured generation   total 1398144K, used 1200357K [0x000000074af50000, 0x00000007a04b0000, 0x00000007f5a00000)
   the space 1398144K,  85% used [0x000000074af50000, 0x00000007943895b0, 0x0000000794389600, 0x00000007a04b0000)
 compacting perm gen  total 21248K, used 12176K [0x00000007f5a00000, 0x00000007f6ec0000, 0x0000000800000000)
   the space 21248K,  57% used [0x00000007f5a00000, 0x00000007f65e4310, 0x00000007f65e4400, 0x00000007f6ec0000)
No shared spaces configured.
}
Event: 61.237 GC heap before
{Heap before GC invocations=26 (full 0):
 def new generation   total 629120K, used 605746K [0x00000006f5a00000, 0x00000007204a0000, 0x000000074af50000)
  eden space 559232K, 100% used [0x00000006f5a00000, 0x0000000717c20000, 0x0000000717c20000)
  from space 69888K,  66% used [0x0000000717c20000, 0x000000071a98ca08, 0x000000071c060000)
  to   space 69888K,   0% used [0x000000071c060000, 0x000000071c060000, 0x00000007204a0000)
 tenured generation   total 1398144K, used 1200357K [0x000000074af50000, 0x00000007a04b0000, 0x00000007f5a00000)
   the space 1398144K,  85% used [0x000000074af50000, 0x00000007943895b0, 0x0000000794389600, 0x00000007a04b0000)
 compacting perm gen  total 21248K, used 12176K [0x00000007f5a00000, 0x00000007f6ec0000, 0x0000000800000000)
   the space 21248K,  57% used [0x00000007f5a00000, 0x00000007f65e4310, 0x00000007f65e4400, 0x00000007f6ec0000)
No shared spaces configured.
Event: 62.262 GC heap after
Heap after GC invocations=27 (full 0):
 def new generation   total 629120K, used 43629K [0x00000006f5a00000, 0x00000007204a0000, 0x000000074af50000)
  eden space 559232K,   0% used [0x00000006f5a00000, 0x00000006f5a00000, 0x0000000717c20000)
  from space 69888K,  62% used [0x000000071c060000, 0x000000071eafb600, 0x00000007204a0000)
  to   space 69888K,   0% used [0x0000000717c20000, 0x0000000717c20000, 0x000000071c060000)
 tenured generation   total 1398144K, used 1246863K [0x000000074af50000, 0x00000007a04b0000, 0x00000007f5a00000)
   the space 1398144K,  89% used [0x000000074af50000, 0x00000007970f3dd8, 0x00000007970f3e00, 0x00000007a04b0000)
 compacting perm gen  total 21248K, used 12176K [0x00000007f5a00000, 0x00000007f6ec0000, 0x0000000800000000)
   the space 21248K,  57% used [0x00000007f5a00000, 0x00000007f65e4310, 0x00000007f65e4400, 0x00000007f6ec0000)
No shared spaces configured.
}
Event: 63.447 GC heap before
{Heap before GC invocations=27 (full 0):
 def new generation   total 629120K, used 602861K [0x00000006f5a00000, 0x00000007204a0000, 0x000000074af50000)
  eden space 559232K, 100% used [0x00000006f5a00000, 0x0000000717c20000, 0x0000000717c20000)
  from space 69888K,  62% used [0x000000071c060000, 0x000000071eafb600, 0x00000007204a0000)
  to   space 69888K,   0% used [0x0000000717c20000, 0x0000000717c20000, 0x000000071c060000)
 tenured generation   total 1398144K, used 1246863K [0x000000074af50000, 0x00000007a04b0000, 0x00000007f5a00000)
   the space 1398144K,  89% used [0x000000074af50000, 0x00000007970f3dd8, 0x00000007970f3e00, 0x00000007a04b0000)
 compacting perm gen  total 21248K, used 12176K [0x00000007f5a00000, 0x00000007f6ec0000, 0x0000000800000000)
   the space 21248K,  57% used [0x00000007f5a00000, 0x00000007f65e4310, 0x00000007f65e4400, 0x00000007f6ec0000)
No shared spaces configured.
Event: 64.000 GC heap after
Heap after GC invocations=28 (full 0):
 def new generation   total 629120K, used 45623K [0x00000006f5a00000, 0x00000007204a0000, 0x000000074af50000)
  eden space 559232K,   0% used [0x00000006f5a00000, 0x00000006f5a00000, 0x0000000717c20000)
  from space 69888K,  65% used [0x0000000717c20000, 0x000000071a8add98, 0x000000071c060000)
  to   space 69888K,   0% used [0x000000071c060000, 0x000000071c060000, 0x00000007204a0000)
 tenured generation   total 1398144K, used 1290475K [0x000000074af50000, 0x00000007a04b0000, 0x00000007f5a00000)
   the space 1398144K,  92% used [0x000000074af50000, 0x0000000799b8adf8, 0x0000000799b8ae00, 0x00000007a04b0000)
 compacting perm gen  total 21248K, used 12176K [0x00000007f5a00000, 0x00000007f6ec0000, 0x0000000800000000)
   the space 21248K,  57% used [0x00000007f5a00000, 0x00000007f65e4310, 0x00000007f65e4400, 0x00000007f6ec0000)
No shared spaces configured.
}
Event: 65.063 GC heap before
{Heap before GC invocations=28 (full 0):
 def new generation   total 629120K, used 604855K [0x00000006f5a00000, 0x00000007204a0000, 0x000000074af50000)
  eden space 559232K, 100% used [0x00000006f5a00000, 0x0000000717c20000, 0x0000000717c20000)
  from space 69888K,  65% used [0x0000000717c20000, 0x000000071a8add98, 0x000000071c060000)
  to   space 69888K,   0% used [0x000000071c060000, 0x000000071c060000, 0x00000007204a0000)
 tenured generation   total 1398144K, used 1290475K [0x000000074af50000, 0x00000007a04b0000, 0x00000007f5a00000)
   the space 1398144K,  92% used [0x000000074af50000, 0x0000000799b8adf8, 0x0000000799b8ae00, 0x00000007a04b0000)
 compacting perm gen  total 21248K, used 12176K [0x00000007f5a00000, 0x00000007f6ec0000, 0x0000000800000000)
   the space 21248K,  57% used [0x00000007f5a00000, 0x00000007f65e4350, 0x00000007f65e4400, 0x00000007f6ec0000)
No shared spaces configured.
Event: 66.177 GC heap after
Heap after GC invocations=29 (full 0):
 def new generation   total 629120K, used 45560K [0x00000006f5a00000, 0x00000007204a0000, 0x000000074af50000)
  eden space 559232K,   0% used [0x00000006f5a00000, 0x00000006f5a00000, 0x0000000717c20000)
  from space 69888K,  65% used [0x000000071c060000, 0x000000071ecde188, 0x00000007204a0000)
  to   space 69888K,   0% used [0x0000000717c20000, 0x0000000717c20000, 0x000000071c060000)
 tenured generation   total 1398144K, used 1336086K [0x000000074af50000, 0x00000007a04b0000, 0x00000007f5a00000)
   the space 1398144K,  95% used [0x000000074af50000, 0x000000079c815bd8, 0x000000079c815c00, 0x00000007a04b0000)
 compacting perm gen  total 21248K, used 12176K [0x00000007f5a00000, 0x00000007f6ec0000, 0x0000000800000000)
   the space 21248K,  57% used [0x00000007f5a00000, 0x00000007f65e4350, 0x00000007f65e4400, 0x00000007f6ec0000)
No shared spaces configured.
}
Event: 67.055 GC heap before
{Heap before GC invocations=29 (full 0):
 def new generation   total 629120K, used 604792K [0x00000006f5a00000, 0x00000007204a0000, 0x000000074af50000)
  eden space 559232K, 100% used [0x00000006f5a00000, 0x0000000717c20000, 0x0000000717c20000)
  from space 69888K,  65% used [0x000000071c060000, 0x000000071ecde188, 0x00000007204a0000)
  to   space 69888K,   0% used [0x0000000717c20000, 0x0000000717c20000, 0x000000071c060000)
 tenured generation   total 1398144K, used 1336086K [0x000000074af50000, 0x00000007a04b0000, 0x00000007f5a00000)
   the space 1398144K,  95% used [0x000000074af50000, 0x000000079c815bd8, 0x000000079c815c00, 0x00000007a04b0000)
 compacting perm gen  total 21248K, used 12176K [0x00000007f5a00000, 0x00000007f6ec0000, 0x0000000800000000)
   the space 21248K,  57% used [0x00000007f5a00000, 0x00000007f65e4350, 0x00000007f65e4400, 0x00000007f6ec0000)
No shared spaces configured.
Event: 67.970 GC heap after
Heap after GC invocations=30 (full 0):
 def new generation   total 629120K, used 46103K [0x00000006f5a00000, 0x00000007204a0000, 0x000000074af50000)
  eden space 559232K,   0% used [0x00000006f5a00000, 0x00000006f5a00000, 0x0000000717c20000)
  from space 69888K,  65% used [0x0000000717c20000, 0x000000071a925da8, 0x000000071c060000)
  to   space 69888K,   0% used [0x000000071c060000, 0x000000071c060000, 0x00000007204a0000)
 tenured generation   total 1398144K, used 1381587K [0x000000074af50000, 0x00000007a04b0000, 0x00000007f5a00000)
   the space 1398144K,  98% used [0x000000074af50000, 0x000000079f484d78, 0x000000079f484e00, 0x00000007a04b0000)
 compacting perm gen  total 21248K, used 12176K [0x00000007f5a00000, 0x00000007f6ec0000, 0x0000000800000000)
   the space 21248K,  57% used [0x00000007f5a00000, 0x00000007f65e4350, 0x00000007f65e4400, 0x00000007f6ec0000)
No shared spaces configured.
}
Event: 69.008 GC heap before
{Heap before GC invocations=30 (full 0):
 def new generation   total 629120K, used 605335K [0x00000006f5a00000, 0x00000007204a0000, 0x000000074af50000)
  eden space 559232K, 100% used [0x00000006f5a00000, 0x0000000717c20000, 0x0000000717c20000)
  from space 69888K,  65% used [0x0000000717c20000, 0x000000071a925da8, 0x000000071c060000)
  to   space 69888K,   0% used [0x000000071c060000, 0x000000071c060000, 0x00000007204a0000)
 tenured generation   total 1398144K, used 1381587K [0x000000074af50000, 0x00000007a04b0000, 0x00000007f5a00000)
   the space 1398144K,  98% used [0x000000074af50000, 0x000000079f484d78, 0x000000079f484e00, 0x00000007a04b0000)
 compacting perm gen  total 21248K, used 12176K [0x00000007f5a00000, 0x00000007f6ec0000, 0x0000000800000000)
   the space 21248K,  57% used [0x00000007f5a00000, 0x00000007f65e4350, 0x00000007f65e4400, 0x00000007f6ec0000)
No shared spaces configured.

